<?xml version="1.0" encoding="UTF-8"?>
<!-- Generated by org.testng.reporters.JUnitReportReporter -->
<testsuite skipped="0" hostname="qtlsys0-226" name="tests.AgeStore_DB" tests="1" failures="0" timestamp="13 Aug 2019 09:25:34 GMT" time="26.778" errors="0">
  <testcase name="QC_Accounting_OnlineRefinance_CabReturn_ACHDeposit_Return" time="26.778" classname="tests.AgeStore_DB"/>
</testsuite> <!-- tests.AgeStore_DB -->
