<?xml version="1.0" encoding="UTF-8"?>
<!-- Generated by org.testng.reporters.JUnitReportReporter -->
<testsuite skipped="0" hostname="qtlsys0-226" name="tests.QCCSRLoginLogout" tests="1" failures="0" timestamp="08 Aug 2019 09:59:25 GMT" time="139.662" errors="0">
  <testcase name="QC_Accounting_OnlineRefinance_CabReturn_ACHDeposit_Return" time="139.662" classname="tests.QCCSRLoginLogout"/>
</testsuite> <!-- tests.QCCSRLoginLogout -->
