<?xml version="1.0" encoding="UTF-8"?>
<!-- Generated by org.testng.reporters.JUnitReportReporter -->
<testsuite skipped="0" hostname="QTLSYS2-238" name="tests.QCStore" tests="1" failures="0" timestamp="16 Nov 2018 04:57:38 GMT" time="120.144" errors="0">
  <testcase name="QC_NewLoan_Void_Txn" time="120.144" classname="tests.QCStore"/>
</testsuite> <!-- tests.QCStore -->
