<?xml version="1.0" encoding="UTF-8"?>
<!-- Generated by org.testng.reporters.JUnitReportReporter -->
<testsuite skipped="0" hostname="QTLSYS2-238" name="DBtesting.QCStore" tests="1" failures="0" timestamp="04 Apr 2019 05:50:19 GMT" time="66.629" errors="0">
  <testcase name="DBtesting" time="66.629" classname="DBtesting.QCStore"/>
</testsuite> <!-- DBtesting.QCStore -->
