<?xml version="1.0" encoding="UTF-8"?>
<!-- Generated by org.testng.reporters.JUnitReportReporter -->
<testsuite skipped="0" hostname="qtlsys2-124" name="QCHome.QC_BorrowRegestration" tests="1" failures="0" timestamp="04 Mar 2019 10:51:14 GMT" time="199.979" errors="0">
  <testcase name="tlpeditborrowregsavenext" time="199.979" classname="QCHome.QC_BorrowRegestration"/>
</testsuite> <!-- QCHome.QC_BorrowRegestration -->
