<?xml version="1.0" encoding="UTF-8"?>
<!-- Generated by org.testng.reporters.JUnitReportReporter -->
<testsuite skipped="0" hostname="QTLSYS2-238" name="tests.QCRefinanceNew" tests="4" failures="0" timestamp="22 Mar 2019 11:53:30 GMT" time="173.240" errors="0">
  <testcase name="QC_NewLoan_Promotion_Txn" time="157.424" classname="tests.QCRefinanceNew"/>
  <testcase name="QC_NewLoan_Void_Txn" time="5.058" classname="tests.QCRefinanceNew"/>
  <testcase name="QC_Installmentpayment_Txn" time="5.036" classname="tests.QCRefinanceNew"/>
  <testcase name="QC_AgeStore_Void_Txn" time="5.722" classname="tests.QCRefinanceNew"/>
</testsuite> <!-- tests.QCRefinanceNew -->
