<?xml version="1.0" encoding="UTF-8"?>
<!-- Generated by org.testng.reporters.JUnitReportReporter -->
<testsuite skipped="0" hostname="QTLSYS0-223" name="tests.QCStore" tests="1" failures="0" timestamp="14 Feb 2020 11:01:40 GMT" time="220.380" errors="0">
  <testcase name="Payfrequency_Semi_monthly" time="220.380" classname="tests.QCStore"/>
</testsuite> <!-- tests.QCStore -->
