<?xml version="1.0" encoding="UTF-8"?>
<!-- Generated by org.testng.reporters.JUnitReportReporter -->
<testsuite skipped="0" hostname="QTLSYS2-238" name="tests.QCPayment" tests="1" failures="0" timestamp="13 Nov 2018 07:57:40 GMT" time="774.493" errors="0">
  <testcase name="QC_PartialPayment_RefundVoid_Txn" time="774.493" classname="tests.QCPayment"/>
</testsuite> <!-- tests.QCPayment -->
