<?xml version="1.0" encoding="UTF-8"?>
<!-- Generated by org.testng.reporters.JUnitReportReporter -->
<testsuite skipped="0" hostname="QTLSYS2-238" name="tests.QCCSRNewLoan" tests="1" failures="0" timestamp="14 Nov 2018 07:37:00 GMT" time="615.912" errors="0">
  <testcase name="QC_Void_FullReturnPayment_Txn" time="615.912" classname="tests.QCCSRNewLoan"/>
</testsuite> <!-- tests.QCCSRNewLoan -->
