<?xml version="1.0" encoding="UTF-8"?>
<!-- Generated by org.testng.reporters.JUnitReportReporter -->
<testsuite skipped="0" hostname="QTLSYS0-223" name="tests.QCStore" tests="1" failures="0" timestamp="15 Nov 2019 11:12:31 GMT" time="423.865" errors="0">
  <testcase name="TLPACHPayment" time="423.865" classname="tests.QCStore"/>
</testsuite> <!-- tests.QCStore -->
