<?xml version="1.0" encoding="UTF-8"?>
<!-- Generated by org.testng.reporters.JUnitReportReporter -->
<testsuite skipped="0" hostname="QTLSYS2-238" name="tests.QCCSRWriteOff" tests="1" failures="0" timestamp="10 Dec 2018 07:06:56 GMT" time="71.200" errors="0">
  <testcase name="QC_TLP_Writeoff_Recovery_Txn" time="71.200" classname="tests.QCCSRWriteOff"/>
</testsuite> <!-- tests.QCCSRWriteOff -->
