<?xml version="1.0" encoding="UTF-8"?>
<!-- Generated by org.testng.reporters.JUnitReportReporter -->
<testsuite skipped="0" hostname="QTLSYS2-238" name="tests.QCCSRNewLoan" tests="1" failures="0" timestamp="03 Dec 2018 09:20:32 GMT" time="246.769" errors="0">
  <testcase name="QC_NewLoan_Promotion_Txn" time="246.769" classname="tests.QCCSRNewLoan"/>
</testsuite> <!-- tests.QCCSRNewLoan -->
