<?xml version="1.0" encoding="UTF-8"?>
<!-- Generated by org.testng.reporters.JUnitReportReporter -->
<testsuite skipped="0" hostname="QTLSYS2-238" name="tests.QCCSRHistory" tests="1" failures="0" timestamp="18 Dec 2018 12:21:28 GMT" time="35.327" errors="0">
  <testcase name="QC_TLP_NewLoan_Txn" time="35.327" classname="tests.QCCSRHistory"/>
</testsuite> <!-- tests.QCCSRHistory -->
