<?xml version="1.0" encoding="UTF-8"?>
<!-- Generated by org.testng.reporters.JUnitReportReporter -->
<testsuite skipped="0" hostname="QTLSYS2-238" name="test1.test2.AppTest" tests="1" failures="0" timestamp="27 Jun 2019 11:24:45 GMT" time="0.005" errors="0">
  <testcase name="main" time="0.005" classname="test1.test2.AppTest"/>
</testsuite> <!-- test1.test2.AppTest -->
