<?xml version="1.0" encoding="UTF-8"?>
<!-- Generated by org.testng.reporters.JUnitReportReporter -->
<testsuite skipped="0" hostname="QTLSYS2-238" name="tests.QCRefinance" tests="1" failures="0" timestamp="21 Jan 2019 07:01:38 GMT" time="84.692" errors="0">
  <testcase name="QC_Refinance_StepSameVoidURP_Txn" time="84.692" classname="tests.QCRefinance"/>
</testsuite> <!-- tests.QCRefinance -->
