<?xml version="1.0" encoding="UTF-8"?>
<!-- Generated by org.testng.reporters.JUnitReportReporter -->
<testsuite skipped="0" hostname="QTLSYS0-224" name="tests.QCStore" tests="4" failures="0" timestamp="04 Oct 2019 06:04:19 GMT" time="4111.082" errors="0">
  <testcase name="PaymentAndDraw" time="790.701" classname="tests.QCStore"/>
  <testcase name="PaymentdrawVoidEOD" time="802.939" classname="tests.QCStore"/>
  <testcase name="DepositEODTwice" time="1074.387" classname="tests.QCStore"/>
  <testcase name="Deposit_DrawEODTwice" time="1443.055" classname="tests.QCStore"/>
</testsuite> <!-- tests.QCStore -->
