<?xml version="1.0" encoding="UTF-8"?>
<!-- Generated by org.testng.reporters.JUnitReportReporter -->
<testsuite skipped="0" hostname="QTLSYS2-238" name="tests.QCCSRNewLoan" tests="1" failures="0" timestamp="13 Dec 2018 10:18:06 GMT" time="25.113" errors="0">
  <testcase name="LOC_Biweekly_Nextpay_Txn" time="25.113" classname="tests.QCCSRNewLoan"/>
</testsuite> <!-- tests.QCCSRNewLoan -->
