<?xml version="1.0" encoding="UTF-8"?>
<!-- Generated by org.testng.reporters.JUnitReportReporter -->
<testsuite skipped="0" hostname="QTLSYS2-238" name="tests.QCPayment" tests="1" failures="0" timestamp="21 Dec 2018 11:02:29 GMT" time="472.561" errors="0">
  <testcase name="LOC_Payment_PayOff_Return_Txn" time="472.561" classname="tests.QCPayment"/>
</testsuite> <!-- tests.QCPayment -->
