<?xml version="1.0" encoding="UTF-8"?>
<!-- Generated by org.testng.reporters.JUnitReportReporter -->
<testsuite skipped="0" hostname="QTLSYS2-238" name="tests.QCVoid" tests="1" failures="0" timestamp="14 Dec 2018 11:21:08 GMT" time="16.261" errors="0">
  <testcase name="LOC_PayOff_RescindPeriod_void_Txn" time="16.261" classname="tests.QCVoid"/>
</testsuite> <!-- tests.QCVoid -->
