<?xml version="1.0" encoding="UTF-8"?>
<!-- Generated by org.testng.reporters.JUnitReportReporter -->
<testsuite skipped="0" hostname="QTLSYS2-238" name="tests.QCRedeposit" tests="1" failures="0" timestamp="07 Jan 2019 07:43:25 GMT" time="146.469" errors="0">
  <testcase name="LOC_ACHDeposit_EODs_Return_ReDeposit_Clear_Txn" time="146.469" classname="tests.QCRedeposit"/>
</testsuite> <!-- tests.QCRedeposit -->
