<?xml version="1.0" encoding="UTF-8"?>
<!-- Generated by org.testng.reporters.JUnitReportReporter -->
<testsuite skipped="0" hostname="QTLSYS2-238" name="tests.QCAdminReturn" tests="1" failures="0" timestamp="17 Dec 2018 04:52:55 GMT" time="297.164" errors="0">
  <testcase name="LOC_Payment_Return_PayOff_Txn" time="297.164" classname="tests.QCAdminReturn"/>
</testsuite> <!-- tests.QCAdminReturn -->
