<?xml version="1.0" encoding="UTF-8"?>
<!-- Generated by org.testng.reporters.JUnitReportReporter -->
<testsuite skipped="0" hostname="QTLSYS2-238" name="tests.QCAdminCCKReturn" tests="1" failures="0" timestamp="21 Dec 2018 12:03:45 GMT" time="41.954" errors="0">
  <testcase name="LOC_Payment_PayOff_Return_Txn" time="41.954" classname="tests.QCAdminCCKReturn"/>
</testsuite> <!-- tests.QCAdminCCKReturn -->
