<?xml version="1.0" encoding="UTF-8"?>
<!-- Generated by org.testng.reporters.JUnitReportReporter -->
<testsuite skipped="0" hostname="QTLSYS2-238" name="test3.test3.AppTest" tests="1" failures="0" timestamp="27 Jun 2019 11:55:16 GMT" time="0.010" errors="0">
  <testcase name="main" time="0.010" classname="test3.test3.AppTest"/>
</testsuite> <!-- test3.test3.AppTest -->
