<?xml version="1.0" encoding="UTF-8"?>
<!-- Generated by org.testng.reporters.JUnitReportReporter -->
<testsuite skipped="0" hostname="QTLSYS0-223" name="tests.QCStore" tests="1" failures="0" timestamp="29 Jul 2020 13:51:58 GMT" time="116.907" errors="0">
  <testcase name="Txn8_Recon_ILP_EARNED_FEE_Variance" time="116.907" classname="tests.QCStore"/>
</testsuite> <!-- tests.QCStore -->
