<?xml version="1.0" encoding="UTF-8"?>
<!-- Generated by org.testng.reporters.JUnitReportReporter -->
<testsuite skipped="0" hostname="QTLSYS2-238" name="test1.test1.AppTest" tests="1" failures="0" timestamp="27 Jun 2019 11:11:26 GMT" time="0.004" errors="0">
  <testcase name="execute" time="0.004" classname="test1.test1.AppTest"/>
</testsuite> <!-- test1.test1.AppTest -->
