<?xml version="1.0" encoding="UTF-8"?>
<!-- Generated by org.testng.reporters.JUnitReportReporter -->
<testsuite skipped="0" hostname="qtlsys2-66pc" name="tests.QCStore" tests="2" failures="0" timestamp="02 Apr 2019 04:57:17 GMT" time="5771.658" errors="0">
  <testcase name="QC_3Payments_Refinance_Weekly_StepSame_LoanAmountEdit_Txn_Testdata" time="2980.400" classname="tests.QCStore"/>
  <testcase name="QC_3Payments_Refinance_Weekly_StepUp_NoCash_Txn_Testdata" time="2791.258" classname="tests.QCStore"/>
</testsuite> <!-- tests.QCStore -->
