<?xml version="1.0" encoding="UTF-8"?>
<!-- Generated by org.testng.reporters.JUnitReportReporter -->
<testsuite skipped="0" hostname="QTLSYS2-238" name="tests.QCPayment" tests="1" failures="0" timestamp="20 Nov 2018 05:51:28 GMT" time="32.422" errors="0">
  <testcase name="QC_Installmentpayment_Txn" time="32.422" classname="tests.QCPayment"/>
</testsuite> <!-- tests.QCPayment -->
