<?xml version="1.0" encoding="UTF-8"?>
<!-- Generated by org.testng.reporters.JUnitReportReporter -->
<testsuite skipped="0" hostname="QTLSYS0-223" name="tests.QCStore" tests="1" failures="0" timestamp="24 Jan 2020 06:17:10 GMT" time="846.453" errors="0">
  <testcase name="QC_NewLoan_TLPConversion_Txn" time="846.453" classname="tests.QCStore"/>
</testsuite> <!-- tests.QCStore -->
